#                                                                                                               --- full sequence --- -------------- this domain -------------   hmm coord   ali coord   env coord
# target name                                           accession   tlen query name           accession   qlen   E-value  score  bias   #  of  c-Evalue  i-Evalue  score  bias  from    to  from    to  from    to  acc description of target
#                                   ------------------- ---------- ----- -------------------- ---------- ----- --------- ------ ----- --- --- --------- --------- ------ ----- ----- ----- ----- ----- ----- ----- ---- ---------------------
GCA_001070555.1_JVUF01000648.1_35268_36546_comp         -            425 Peptidase_M23        PF01551.25    96   5.5e-33  115.6   0.3   1   1   3.9e-35   2.1e-32  113.8   0.2     2    96   298   392   297   392 0.98 -
GCA_001068645.1_JWDI01000205.1_8499_9795_comp           -            431 Peptidase_M23        PF01551.25    96   1.7e-32  114.1   0.2   1   1   6.8e-35   3.6e-32  113.0   0.2     2    96   304   398   303   398 0.98 -
GCA_001073525.1_JVAP01000361.1_13128_13854_revcomp      -            241 Peptidase_M23        PF01551.25    96   2.5e-32  113.5   1.6   1   1   1.1e-34   5.6e-32  112.4   1.6     2    96   139   233   138   233 0.98 -
GCA_001070555.1_JVUF01000854.1_43132_44269_comp         -            378 Peptidase_M23        PF01551.25    96   7.9e-31  108.7   1.4   1   1   1.5e-33   7.9e-31  108.7   1.4     3    96   278   371   276   371 0.97 -
GCA_001068645.1_JWDI01000195.1_14308_15448_revcomp      -            379 Peptidase_M23        PF01551.25    96   8.1e-31  108.7   1.2   1   1   1.6e-33   8.1e-31  108.7   1.2     3    96   279   372   277   372 0.97 -
GCA_001068645.1_JWDI01000142.1_35678_36455_revcomp      -            258 Peptidase_M23        PF01551.25    96   1.1e-30  108.2   2.5   1   1   2.8e-33   1.5e-30  107.9   0.9     3    96   152   245   150   245 0.96 -
GCA_001230465.1_CTZB01000088.1_399_2361_revcomp         -            653 Peptidase_M23        PF01551.25    96   4.5e-30  106.3   2.0   1   1   1.8e-32   9.2e-30  105.3   2.0     2    96   508   604   507   604 0.98 -
GCA_011027375.1_JAAJDF010000108.1_450_1209_comp         -            252 Peptidase_M23        PF01551.25    96   4.5e-30  106.3   1.8   1   1   8.5e-33   4.5e-30  106.3   1.8     3    96   146   239   144   239 0.96 -
GCA_006680085.1_VFBN01000038.1_11192_12155_revcomp      -            320 Peptidase_M23        PF01551.25    96   7.7e-30  105.6   3.1   1   1   4.3e-32   2.3e-29  104.1   3.1     2    90   212   306   211   312 0.89 -
GCA_001230465.1_CTZB01000008.1_98807_100616_revcomp     -            602 Peptidase_M23        PF01551.25    96   1.7e-29  104.5   3.7   1   1     7e-32   3.6e-29  103.4   3.7     2    96   455   551   454   551 0.96 -
GCA_001070555.1_JVUF01000253.1_1438_2155_revcomp        -            238 Peptidase_M23        PF01551.25    96   1.8e-29  104.4   1.7   1   1   3.4e-32   1.8e-29  104.4   1.7     3    96   132   225   130   225 0.96 -
GCA_003387875.1_QKYG01000210.1_24456_25410_comp         -            317 Peptidase_M23        PF01551.25    96   2.9e-29  103.7   1.4   1   1   5.5e-32   2.9e-29  103.7   1.4     2    96   209   309   208   309 0.91 -
GCA_001230465.1_CTZB01000116.1_9169_10426_comp          -            418 Peptidase_M23        PF01551.25    96   1.6e-28  101.4   0.4   1   1     3e-31   1.6e-28  101.4   0.4     3    96   318   412   316   412 0.97 -
GCA_014635045.1_BMCF01000001.1_59401_60526_revcomp      -            374 Peptidase_M23        PF01551.25    96   2.7e-28  100.6   2.5   1   1   5.1e-31   2.7e-28  100.6   2.5     2    90   266   360   265   366 0.89 -
GCA_003578835.1_QXUH01000095.1_8122_9199_revcomp        -            358 Peptidase_M23        PF01551.25    96   4.9e-28   99.8   3.7   1   1   9.3e-31   4.9e-28   99.8   3.7     2    90   250   344   249   350 0.88 -
GCA_003387875.1_QKYG01000126.1_8503_9502_comp           -            332 Peptidase_M23        PF01551.25    96   1.6e-27   98.1   2.3   1   1   3.1e-30   1.6e-27   98.1   2.3     2    95   225   324   224   325 0.89 -
GCA_002994385.1_MRZH01000006.1_41911_43033_revcomp      -            373 Peptidase_M23        PF01551.25    96   1.9e-27   97.9   2.6   1   1   1.1e-29   5.8e-27   96.3   2.6     2    90   265   359   264   365 0.88 -
GCA_015638825.1_AAXLCX010000023.1_4053_4929_revcomp     -            291 Peptidase_M23        PF01551.25    96   5.1e-27   96.5   2.0   1   1   9.7e-30   5.1e-27   96.5   2.0     2    92    73   164    72   173 0.88 -
GCA_007676625.1_VEKD01000007.1_29331_30099_revcomp      -            255 Peptidase_M23        PF01551.25    96   7.4e-27   96.0   1.3   1   1   3.1e-29   1.6e-26   94.9   1.3     2    96    41   141    40   141 0.91 -
GCA_000541615.1_KI977553.1_187623_188214_comp           -            196 Peptidase_M23        PF01551.25    96     1e-26   95.5   0.9   1   1     3e-29   1.6e-26   94.9   0.9     2    91    79   170    78   178 0.93 -
GCA_001045625.1_JSAJ01000018.1_85225_85816_comp         -            196 Peptidase_M23        PF01551.25    96     1e-26   95.5   0.9   1   1     3e-29   1.6e-26   94.9   0.9     2    91    79   170    78   178 0.93 -
GCA_000570655.1_KK040405.1_119994_120585_comp           -            196 Peptidase_M23        PF01551.25    96     1e-26   95.5   0.9   1   1     3e-29   1.6e-26   94.9   0.9     2    91    79   170    78   178 0.93 -
GCA_003420245.1_BDYC01000001.1_144778_145369_comp       -            196 Peptidase_M23        PF01551.25    96     1e-26   95.5   0.9   1   1     3e-29   1.6e-26   94.9   0.9     2    91    79   170    78   178 0.93 -
GCA_011027375.1_JAAJDF010000002.1_67944_68535_comp      -            196 Peptidase_M23        PF01551.25    96   1.1e-26   95.5   0.9   1   1     3e-29   1.6e-26   94.9   0.9     2    91    79   170    78   178 0.93 -
GCA_015541205.1_DACKMQ010000003.1_126159_126750_revcomp -            196 Peptidase_M23        PF01551.25    96   1.1e-26   95.5   0.9   1   1     3e-29   1.6e-26   94.9   0.9     2    91    79   170    78   178 0.93 -
GCA_002208805.2_CP022096.2_934366_935707_comp           -            446 Peptidase_M23        PF01551.25    96   1.3e-26   95.2   1.5   1   1     7e-29   3.7e-26   93.8   1.5     2    96   232   332   231   332 0.91 -
GCA_015605125.1_DACMVR010000005.1_85735_86332_revcomp   -            198 Peptidase_M23        PF01551.25    96   1.4e-26   95.1   1.0   1   1   3.9e-29     2e-26   94.6   1.0     2    91    81   172    80   180 0.93 -
GCA_002208805.2_CP022096.2_951310_952684_revcomp        -            457 Peptidase_M23        PF01551.25    96   1.6e-26   94.9   1.3   1   1   8.6e-29   4.5e-26   93.5   1.3     2    89   241   330   240   341 0.90 -
GCA_007678585.1_VEEV01000002.1_267627_269001_revcomp    -            457 Peptidase_M23        PF01551.25    96   1.9e-26   94.7   1.3   1   1   8.6e-29   4.5e-26   93.5   1.3     2    89   241   330   240   341 0.90 -
GCA_001349735.1_CVKE01000004.1_152294_153260_revcomp    -            321 Peptidase_M23        PF01551.25    96   2.1e-26   94.5   2.0   1   1     4e-29   2.1e-26   94.5   2.0     2    90   214   308   213   314 0.87 -
GCA_000570655.1_KK040405.1_196634_197603_comp           -            322 Peptidase_M23        PF01551.25    96   2.1e-26   94.5   2.0   1   1     4e-29   2.1e-26   94.5   2.0     2    90   215   309   214   315 0.87 -
GCA_001045625.1_JSAJ01000018.1_168462_169431_comp       -            322 Peptidase_M23        PF01551.25    96   2.1e-26   94.5   2.0   1   1     4e-29   2.1e-26   94.5   2.0     2    90   215   309   214   315 0.87 -
GCA_002121895.1_NDNZ01000095.1_26550_27519_revcomp      -            322 Peptidase_M23        PF01551.25    96   2.1e-26   94.5   2.0   1   1     4e-29   2.1e-26   94.5   2.0     2    90   215   309   214   315 0.87 -
GCA_003420245.1_BDYC01000011.1_3110_4079_comp           -            322 Peptidase_M23        PF01551.25    96   2.1e-26   94.5   2.0   1   1     4e-29   2.1e-26   94.5   2.0     2    90   215   309   214   315 0.87 -
GCA_009660805.1_WJTZ01000003.1_209372_210341_revcomp    -            322 Peptidase_M23        PF01551.25    96   2.1e-26   94.5   2.0   1   1     4e-29   2.1e-26   94.5   2.0     2    90   215   309   214   315 0.87 -
GCA_011292525.1_JAANUA010000027.1_2986_3955_revcomp     -            322 Peptidase_M23        PF01551.25    96   2.1e-26   94.5   2.0   1   1     4e-29   2.1e-26   94.5   2.0     2    90   215   309   214   315 0.87 -
GCA_014728415.1_CP049572.1_322422_323391_comp           -            322 Peptidase_M23        PF01551.25    96   2.1e-26   94.5   2.0   1   1     4e-29   2.1e-26   94.5   2.0     2    90   215   309   214   315 0.87 -
GCA_014835825.1_VUIC01000014.1_168161_169130_comp       -            322 Peptidase_M23        PF01551.25    96   2.1e-26   94.5   2.0   1   1     4e-29   2.1e-26   94.5   2.0     2    90   215   309   214   315 0.87 -
GCA_015541205.1_DACKMQ010000025.1_3039_4008_revcomp     -            322 Peptidase_M23        PF01551.25    96   2.1e-26   94.5   2.0   1   1     4e-29   2.1e-26   94.5   2.0     2    90   215   309   214   315 0.87 -
GCA_015579895.1_DACLQT010000002.1_368169_369138_revcomp -            322 Peptidase_M23        PF01551.25    96   2.1e-26   94.5   2.0   1   1     4e-29   2.1e-26   94.5   2.0     2    90   215   309   214   315 0.87 -
GCA_007676625.1_VEKD01000002.1_405259_406675_comp       -            471 Peptidase_M23        PF01551.25    96   2.2e-26   94.5   2.0   1   1     9e-29   4.7e-26   93.4   1.3     2    89   255   344   254   355 0.90 -
GCA_011027375.1_JAAJDF010000095.1_3063_4032_revcomp     -            322 Peptidase_M23        PF01551.25    96   2.3e-26   94.4   2.0   1   1   4.4e-29   2.3e-26   94.4   2.0     2    90   215   309   214   315 0.87 -
GCA_015575795.1_DACLLK010000005.1_143881_144472_comp    -            196 Peptidase_M23        PF01551.25    96   2.5e-26   94.3   0.8   1   1   7.3e-29   3.8e-26   93.7   0.8     2    91    79   170    78   178 0.93 -
GCA_001349735.1_CVKE01000004.1_71943_72534_revcomp      -            196 Peptidase_M23        PF01551.25    96   2.5e-26   94.3   0.7   1   1   7.4e-29   3.9e-26   93.7   0.7     2    91    79   170    78   178 0.92 -
GCA_011292525.1_JAANUA010000018.1_10470_11061_revcomp   -            196 Peptidase_M23        PF01551.25    96   2.6e-26   94.2   0.9   1   1   7.6e-29     4e-26   93.7   0.9     2    91    79   170    78   178 0.93 -
GCA_003387875.1_QKYG01000063.1_46806_48213_comp         -            468 Peptidase_M23        PF01551.25    96   2.8e-26   94.1   0.6   1   1   1.2e-28   6.5e-26   93.0   0.6     2    90   255   345   254   355 0.89 -
GCA_000644195.1_KK234197.1_150062_150653_comp           -            196 Peptidase_M23        PF01551.25    96     3e-26   94.1   0.8   1   1   8.6e-29   4.5e-26   93.5   0.8     2    91    79   170    78   178 0.93 -
GCA_008763395.1_VRRB01000023.1_976_1567_revcomp         -            196 Peptidase_M23        PF01551.25    96     3e-26   94.1   0.8   1   1   8.6e-29   4.5e-26   93.5   0.8     2    91    79   170    78   178 0.93 -
GCA_003076375.1_CP016158.1_25342_26518_comp             -            391 Peptidase_M23        PF01551.25    96   3.9e-26   93.7   0.8   1   1   2.3e-28   1.2e-25   92.1   0.8     2    89   176   265   175   276 0.89 -
GCA_001070555.1_JVUF01001521.1_19571_20843_revcomp      -            423 Peptidase_M23        PF01551.25    96   5.1e-26   93.3   0.2   1   1   2.7e-28   1.4e-25   91.9   0.2     3    96   324   417   323   417 0.98 -
GCA_900125005.1_FQEJ01000005.1_192002_192593_comp       -            196 Peptidase_M23        PF01551.25    96   7.2e-26   92.8   0.8   1   1   2.1e-28   1.1e-25   92.2   0.8     2    91    79   170    78   178 0.92 -
GCA_003041795.1_PZGI01000008.1_512_1445_revcomp         -            310 Peptidase_M23        PF01551.25    96   8.1e-26   92.7   0.7   1   1   3.2e-28   1.7e-25   91.7   0.7     2    89    87   176    86   187 0.91 -
GCA_009660805.1_WJTZ01000003.1_128567_129158_revcomp    -            196 Peptidase_M23        PF01551.25    96   8.8e-26   92.6   0.9   1   1   2.6e-28   1.3e-25   92.0   0.9     2    91    79   170    78   178 0.92 -
GCA_900187005.1_LT906464.1_1934871_1935432_comp         -            186 Peptidase_M23        PF01551.25    96   1.3e-25   92.0   0.5   1   1   3.3e-28   1.7e-25   91.6   0.5     2    90    67   161    66   167 0.88 -
GCA_001073525.1_JVAP01000396.1_23703_24546_comp         -            280 Peptidase_M23        PF01551.25    96   1.7e-25   91.6   0.7   1   1   6.6e-28   3.4e-25   90.7   0.7     4    96   182   274   179   274 0.96 -
GCA_001068645.1_JWDI01000022.1_10615_11899_revcomp      -            427 Peptidase_M23        PF01551.25    96     2e-25   91.4   0.2   1   1   9.6e-28     5e-25   90.1   0.2     3    96   328   421   327   421 0.98 -
GCA_002994385.1_MRZH01000011.1_30226_31309_revcomp      -            360 Peptidase_M23        PF01551.25    96   2.1e-25   91.4   2.9   1   1   4.3e-28   2.2e-25   91.3   0.7     2    89   137   226   136   237 0.91 -
GCA_003076375.1_CP016157.1_923086_924169_comp           -            360 Peptidase_M23        PF01551.25    96   2.1e-25   91.4   2.9   1   1   4.3e-28   2.2e-25   91.3   0.7     2    89   137   226   136   237 0.91 -
GCA_001838525.1_KV837425.1_68690_69923_revcomp          -            410 Peptidase_M23        PF01551.25    96   2.2e-25   91.3   3.6   1   1   5.4e-28   2.8e-25   90.9   0.7     2    89   187   276   186   287 0.91 -
GCA_900187005.1_LT906464.1_1673224_1674628_revcomp      -            467 Peptidase_M23        PF01551.25    96   2.4e-25   91.1   0.3   1   1   1.2e-27   6.2e-25   89.8   0.3     2    90   248   338   247   348 0.89 -
GCA_014635045.1_BMCF01000001.1_220406_220988_revcomp    -            193 Peptidase_M23        PF01551.25    96   2.5e-25   91.1   1.0   1   1   6.6e-28   3.4e-25   90.7   1.0     2    91    76   167    75   175 0.93 -
GCA_001073525.1_JVAP01000506.1_127_955_revcomp          -            275 Peptidase_M23        PF01551.25    96   3.4e-25   90.7   2.7   1   1   1.4e-27   7.3e-25   89.6   2.7     9    93    57   143    47   151 0.93 -
GCA_014635045.1_BMCF01000004.1_75651_82680_revcomp      -           2342 Peptidase_M23        PF01551.25    96   4.6e-25   90.2   0.9   1   1   2.9e-26   1.5e-23   85.4   0.6     2    96  1995  2095  1994  2095 0.91 -
GCA_003387875.1_QKYG01000203.1_22281_22839_revcomp      -            185 Peptidase_M23        PF01551.25    96   7.8e-25   89.5   0.1   1   1   2.3e-27   1.2e-24   88.9   0.1     2    90    67   157    66   165 0.92 -
GCA_001838525.1_KV837407.1_14636_19079_revcomp          -           1480 Peptidase_M23        PF01551.25    96   9.4e-25   89.2   2.0   1   1     3e-27   1.6e-24   88.6   0.6     2    89  1115  1204  1114  1213 0.91 -
GCA_007665525.1_VDNJ01000002.1_168516_169089_revcomp    -            190 Peptidase_M23        PF01551.25    96   1.2e-24   88.9   0.4   1   1   3.1e-27   1.6e-24   88.5   0.4     2    90    72   162    71   172 0.89 -
GCA_002208805.2_CP022096.2_1073534_1074077_revcomp      -            180 Peptidase_M23        PF01551.25    96   2.3e-24   88.0   0.9   1   1   7.1e-27   3.7e-24   87.3   0.9     2    89    63   152    62   163 0.91 -
GCA_001073525.1_JVAP01000193.1_8146_8698_comp           -            183 Peptidase_M23        PF01551.25    96   3.9e-24   87.3   0.9   1   1   9.2e-27   4.8e-24   87.0   0.9     2    92    77   171    76   178 0.91 -
GCA_007678585.1_VEEV01000002.1_383628_384171_revcomp    -            180 Peptidase_M23        PF01551.25    96   4.9e-24   87.0   1.5   1   1   1.4e-26   7.6e-24   86.4   1.5     2    90    63   153    62   163 0.91 -
GCA_006680085.1_VFBN01000066.1_91640_92198_revcomp      -            185 Peptidase_M23        PF01551.25    96   7.1e-24   86.4   0.4   1   1   2.1e-26   1.1e-23   85.8   0.4     2    90    67   157    66   165 0.91 -
GCA_007676625.1_VEKD01000002.1_525283_525826_comp       -            180 Peptidase_M23        PF01551.25    96   8.9e-24   86.1   1.4   1   1   2.8e-26   1.5e-23   85.4   1.4     2    91    63   154    62   163 0.91 -
GCA_008385785.1_VUKJ01000018.1_20032_20596_revcomp      -            187 Peptidase_M23        PF01551.25    96   9.3e-24   86.1   0.4   1   1   2.6e-26   1.4e-23   85.5   0.4     2    91    70   161    69   169 0.92 -
GCA_003580835.1_QYJM01000008.1_22549_23197_comp         -            215 Peptidase_M23        PF01551.25    96   2.4e-23   84.7   0.4   1   1   6.4e-26   3.3e-23   84.3   0.4     2    90    98   188    97   198 0.91 -
GCA_003578835.1_QXUH01000047.1_2854_3376_revcomp        -            173 Peptidase_M23        PF01551.25    96   6.8e-23   83.3   0.8   1   1   1.7e-25   8.9e-23   82.9   0.8     2    89    55   144    54   155 0.91 -
GCA_014635045.1_BMCF01000015.1_8693_10718_comp          -            674 Peptidase_M23        PF01551.25    96     7e-23   83.2   0.7   1   1   1.3e-25     7e-23   83.2   0.7     2    88   561   650   560   662 0.90 -
GCA_015638825.1_AAXLCX010000003.1_99426_99984_revcomp   -            185 Peptidase_M23        PF01551.25    96   7.5e-23   83.2   0.1   1   1   2.2e-25   1.2e-22   82.5   0.1     2    89    67   156    66   164 0.91 -
GCA_004166665.1_QHIV01000006.1_64284_64842_comp         -            185 Peptidase_M23        PF01551.25    96   7.7e-23   83.1   0.1   1   1   2.4e-25   1.2e-22   82.5   0.1     2    89    67   156    66   164 0.91 -
GCA_015590585.1_DACMJE010000006.1_93602_94178_comp      -            191 Peptidase_M23        PF01551.25    96   7.8e-23   83.1   0.1   1   1   2.3e-25   1.2e-22   82.5   0.1     2    89    67   156    66   164 0.91 -
GCA_015634165.1_AAXKZS010000015.1_33425_33983_revcomp   -            185 Peptidase_M23        PF01551.25    96   7.8e-23   83.1   0.1   1   1   2.4e-25   1.2e-22   82.5   0.1     2    89    67   156    66   164 0.91 -
GCA_015609545.1_AAXJUB010000005.1_7110_7668_comp        -            185 Peptidase_M23        PF01551.25    96     8e-23   83.1   0.1   1   1   2.4e-25   1.2e-22   82.5   0.1     2    89    67   156    66   164 0.91 -
GCA_006680085.1_VFBN01000080.1_269648_274688_comp       -           1679 Peptidase_M23        PF01551.25    96     3e-22   81.2   2.0   1   1   1.8e-24   9.3e-22   79.7   2.0     2    94  1322  1416  1321  1418 0.94 -
GCA_000683255.1_JIKD01000025.1_58_1987_revcomp          -            642 Peptidase_M23        PF01551.25    96     3e-22   81.2   0.8   1   1   1.9e-24   9.9e-22   79.6   0.8     2    92   282   373   281   382 0.90 -
GCA_002208805.2_CP022096.2_2321497_2326183_comp         -           1561 Peptidase_M23        PF01551.25    96   1.1e-21   79.4   5.2   1   1   4.3e-24   2.3e-21   78.4   2.3     2    91  1196  1286  1195  1298 0.92 -
GCA_015619425.1_DACNQI010000001.1_353102_359327_comp    -           2074 Peptidase_M23        PF01551.25    96   1.2e-21   79.3   0.8   1   1   8.8e-24   4.6e-21   77.4   0.8     2    92  1714  1805  1713  1814 0.90 -
GCA_000683255.1_JIKD01000024.1_272_6497_comp            -           2074 Peptidase_M23        PF01551.25    96   1.2e-21   79.3   0.8   1   1   8.8e-24   4.6e-21   77.4   0.8     2    92  1714  1805  1713  1814 0.90 -
GCA_002121895.1_NDNZ01000026.1_29242_35467_revcomp      -           2074 Peptidase_M23        PF01551.25    96   1.3e-21   79.2   0.8   1   1   8.8e-24   4.6e-21   77.4   0.8     2    92  1714  1805  1713  1814 0.90 -
GCA_000538235.1_KI973776.1_25611_31812_revcomp          -           2066 Peptidase_M23        PF01551.25    96     6e-21   77.1   0.6   1   1   3.9e-23   2.1e-20   75.3   0.6     2    96  1714  1814  1713  1814 0.90 -
GCA_000529315.1_KI971040.1_333526_339727_comp           -           2066 Peptidase_M23        PF01551.25    96   6.1e-21   77.0   0.6   1   1   3.9e-23   2.1e-20   75.3   0.6     2    96  1714  1814  1713  1814 0.90 -
GCA_009457105.1_WAUP01000008.1_15627_21828_revcomp      -           2066 Peptidase_M23        PF01551.25    96   6.1e-21   77.0   0.6   1   1   3.9e-23   2.1e-20   75.3   0.6     2    96  1714  1814  1713  1814 0.90 -
GCA_009660805.1_WJTZ01000004.1_119938_123139_revcomp    -           1066 Peptidase_M23        PF01551.25    96     7e-21   76.8   0.8   1   1   4.1e-23   2.1e-20   75.3   0.8     2    92   706   797   705   806 0.90 -
GCA_014728415.1_CP049572.1_1298349_1300221_revcomp      -            623 Peptidase_M23        PF01551.25    96   7.5e-21   76.7   0.8   1   1   4.3e-23   2.3e-20   75.2   0.8     2    92   263   354   262   363 0.90 -
GCA_002121895.1_NDNZ01000053.1_26_1841_comp             -            604 Peptidase_M23        PF01551.25    96     9e-21   76.5   1.4   1   1   3.1e-23   1.6e-20   75.7   0.2     2    96   242   335   241   335 0.93 -
GCA_013339185.1_JABMFF010000003.1_229614_231807_comp    -            730 Peptidase_M23        PF01551.25    96   9.6e-21   76.4   0.8   1   1   5.5e-23   2.9e-20   74.9   0.8     2    92   370   461   369   470 0.90 -
GCA_000530215.1_CAVH010000066.1_15985_21574_comp        -           1862 Peptidase_M23        PF01551.25    96     1e-20   76.3   0.7   1   1   7.7e-23     4e-20   74.4   0.7     2    92  1502  1593  1501  1602 0.90 -
GCA_900060035.1_FHAV01000022.1_24849_31074_revcomp      -           2074 Peptidase_M23        PF01551.25    96   1.3e-20   76.0   0.7   1   1   8.7e-23   4.6e-20   74.2   0.7     2    92  1714  1805  1713  1814 0.90 -
GCA_011292525.1_JAANUA010000001.1_54093_60318_revcomp   -           2074 Peptidase_M23        PF01551.25    96   1.3e-20   75.9   0.5   1   1   8.8e-23   4.6e-20   74.2   0.5     2    91  1714  1804  1713  1814 0.90 -
GCA_010364195.1_JAAFKS010000005.1_88171_94372_comp      -           2066 Peptidase_M23        PF01551.25    96   1.4e-20   75.9   0.6   1   1   7.7e-23     4e-20   74.4   0.6     2    96  1714  1814  1713  1814 0.90 -
GCA_900125005.1_FQEJ01000002.1_345746_351971_comp       -           2074 Peptidase_M23        PF01551.25    96   1.4e-20   75.9   0.7   1   1   8.7e-23   4.6e-20   74.2   0.7     2    92  1714  1805  1713  1814 0.90 -
GCA_900097755.1_FMOF01000002.1_195943_202168_comp       -           2074 Peptidase_M23        PF01551.25    96   1.4e-20   75.9   0.7   1   1   8.7e-23   4.6e-20   74.2   0.7     2    92  1714  1805  1713  1814 0.90 -
GCA_002097525.1_NAIU01000006.1_10868_15518_revcomp      -           1549 Peptidase_M23        PF01551.25    96   1.7e-20   75.6   0.2   1   1   1.1e-22   5.8e-20   73.9   0.2     2    96  1187  1280  1186  1280 0.93 -
GCA_015579895.1_DACLQT010000012.1_72045_76695_revcomp   -           1549 Peptidase_M23        PF01551.25    96   1.7e-20   75.6   0.2   1   1   1.1e-22   5.8e-20   73.9   0.2     2    96  1187  1280  1186  1280 0.93 -
GCA_000313005.1_AMRE01000034.1_17025_20643_revcomp      -           1205 Peptidase_M23        PF01551.25    96   1.8e-20   75.5   0.8   1   1   1.1e-22   5.7e-20   73.9   0.8     2    92   845   936   844   945 0.90 -
GCA_015716085.1_JADRMA010000004.1_228107_231725_revcomp -           1205 Peptidase_M23        PF01551.25    96   1.8e-20   75.5   0.8   1   1   1.1e-22   5.7e-20   73.9   0.8     2    92   845   936   844   945 0.90 -
GCA_000363645.1_KB822271.1_184652_190877_revcomp        -           2074 Peptidase_M23        PF01551.25    96   1.9e-20   75.5   0.6   1   1   1.3e-22   6.8e-20   73.7   0.6     2    92  1714  1805  1713  1814 0.91 -
GCA_900125005.1_FQEJ01000011.1_11119_15769_comp         -           1549 Peptidase_M23        PF01551.25    96   2.4e-20   75.1   1.2   1   1   7.6e-23     4e-20   74.4   0.2     2    96  1187  1280  1186  1280 0.93 -
GCA_001045625.1_JSAJ01000005.1_236381_241034_revcomp    -           1550 Peptidase_M23        PF01551.25    96   2.5e-20   75.1   1.2   1   1     8e-23   4.2e-20   74.3   0.3     2    96  1188  1281  1187  1281 0.92 -
GCA_903805035.1_CAIHRG010000018.1_11200_15853_revcomp   -           1550 Peptidase_M23        PF01551.25    96   2.8e-20   74.9   0.8   1   1   1.1e-22   5.8e-20   73.9   0.2     2    96  1188  1281  1187  1281 0.93 -
GCA_015608265.1_DACMZG010000001.1_414030_418683_comp    -           1550 Peptidase_M23        PF01551.25    96   2.8e-20   74.9   0.8   1   1   1.1e-22   5.8e-20   73.9   0.2     2    96  1188  1281  1187  1281 0.93 -
GCA_015618265.1_DACNMT010000002.1_183838_190063_revcomp -           2074 Peptidase_M23        PF01551.25    96     3e-20   74.8   0.8   1   1   2.1e-22   1.1e-19   73.0   0.8     2    92  1714  1805  1713  1814 0.90 -
GCA_000541615.1_KI977556.1_32972_39197_revcomp          -           2074 Peptidase_M23        PF01551.25    96   3.1e-20   74.8   0.8   1   1   2.1e-22   1.1e-19   73.0   0.8     2    92  1714  1805  1713  1814 0.90 -
GCA_000570655.1_KK040390.1_15968_22193_revcomp          -           2074 Peptidase_M23        PF01551.25    96   3.1e-20   74.8   0.8   1   1   2.1e-22   1.1e-19   73.0   0.8     2    92  1714  1805  1713  1814 0.90 -
GCA_015605545.1_DACMTP010000012.1_16046_22271_comp      -           2074 Peptidase_M23        PF01551.25    96   3.1e-20   74.8   0.8   1   1   2.1e-22   1.1e-19   73.0   0.8     2    92  1714  1805  1713  1814 0.90 -
GCA_002097525.1_NAIU01000207.1_2029_8254_comp           -           2074 Peptidase_M23        PF01551.25    96   3.1e-20   74.8   0.8   1   1   2.1e-22   1.1e-19   73.0   0.8     2    92  1714  1805  1713  1814 0.90 -
GCA_903803695.1_CAIHMC010000001.1_15035_21260_comp      -           2074 Peptidase_M23        PF01551.25    96   3.1e-20   74.8   0.8   1   1   2.1e-22   1.1e-19   73.0   0.8     2    92  1714  1805  1713  1814 0.90 -
GCA_001047795.1_CVRA01000002.1_226451_232676_revcomp    -           2074 Peptidase_M23        PF01551.25    96   3.1e-20   74.8   0.8   1   1   2.1e-22   1.1e-19   73.0   0.8     2    92  1714  1805  1713  1814 0.90 -
GCA_014835825.1_VUIC01000011.1_73861_78511_comp         -           1549 Peptidase_M23        PF01551.25    96   3.3e-20   74.7   1.2   1   1   1.1e-22   5.8e-20   73.9   0.2     2    96  1187  1280  1186  1280 0.93 -
GCA_009660805.1_WJTZ01000015.1_12247_16897_comp         -           1549 Peptidase_M23        PF01551.25    96   3.3e-20   74.7   1.2   1   1   1.1e-22   5.8e-20   73.9   0.2     2    96  1187  1280  1186  1280 0.93 -
GCA_014835825.1_VUIC01000027.1_356491_362716_comp       -           2074 Peptidase_M23        PF01551.25    96   3.5e-20   74.6   0.8   1   1   2.1e-22   1.1e-19   73.0   0.8     2    92  1714  1805  1713  1814 0.90 -
GCA_001349735.1_CVKE01000021.1_29505_35730_revcomp      -           2074 Peptidase_M23        PF01551.25    96   4.4e-20   74.3   0.6   1   1     3e-22   1.6e-19   72.5   0.6     2    92  1714  1805  1713  1814 0.90 -
GCA_903803505.1_CAIHLJ010000001.1_742740_748965_comp    -           2074 Peptidase_M23        PF01551.25    96   4.4e-20   74.3   0.6   1   1     3e-22   1.6e-19   72.5   0.6     2    92  1714  1805  1713  1814 0.90 -
GCA_007665525.1_VDNJ01000001.1_507419_512750_revcomp    -           1776 Peptidase_M23        PF01551.25    96   5.4e-20   74.0   0.1   1   1   3.2e-22   1.7e-19   72.4   0.1     2    96  1451  1545  1450  1545 0.93 -
GCA_001349735.1_CVKE01000005.1_108899_109754_comp       -            284 Peptidase_M23        PF01551.25    96   7.4e-20   73.6   1.4   1   1   3.3e-22   1.7e-19   72.4   1.4    13    91   162   254   151   258 0.87 -
GCA_009660805.1_WJTZ01000002.1_279275_280130_comp       -            284 Peptidase_M23        PF01551.25    96     1e-19   73.1   1.1   1   1   4.4e-22   2.3e-19   72.0   1.1     7    91   157   254   151   258 0.86 -
GCA_008763395.1_VRRB01000024.1_7832_8687_comp           -            284 Peptidase_M23        PF01551.25    96     1e-19   73.1   1.2   1   1   4.5e-22   2.4e-19   71.9   1.2     7    91   157   254   151   258 0.86 -
GCA_013339185.1_JABMFF010000005.1_136718_137573_revcomp -            284 Peptidase_M23        PF01551.25    96   1.1e-19   73.1   1.6   1   1     5e-22   2.6e-19   71.8   1.6     7    91   157   254   151   258 0.86 -
GCA_011027375.1_JAAJDF010000047.1_900_1755_comp         -            284 Peptidase_M23        PF01551.25    96   1.2e-19   72.9   1.2   1   1   4.5e-22   2.4e-19   71.9   1.2     7    91   157   254   151   258 0.86 -
GCA_003420245.1_BDYC01000024.1_2083_2938_comp           -            284 Peptidase_M23        PF01551.25    96   1.3e-19   72.7   1.4   1   1   4.8e-22   2.5e-19   71.9   0.9    13    91   162   254   153   258 0.86 -
GCA_015575795.1_DACLLK010000007.1_136849_137704_comp    -            284 Peptidase_M23        PF01551.25    96   1.8e-19   72.3   1.3   1   1   8.6e-22   4.5e-19   71.1   1.3     7    91   157   254   151   258 0.86 -
GCA_000313005.1_AMRE01000072.1_46894_47749_revcomp      -            284 Peptidase_M23        PF01551.25    96   1.8e-19   72.3   1.3   1   1   8.6e-22   4.5e-19   71.1   1.3     7    91   157   254   151   258 0.86 -
GCA_008385785.1_VUKJ01000010.1_61408_67348_revcomp      -           1979 Peptidase_M23        PF01551.25    96   2.2e-19   72.0   0.2   1   1   1.3e-21   6.8e-19   70.5   0.2     2    96  1634  1728  1633  1728 0.96 -
GCA_003041795.1_PZGI01000017.1_39600_44607_comp         -           1668 Peptidase_M23        PF01551.25    96   2.2e-19   72.0   0.8   1   1   1.1e-21     6e-19   70.6   0.8     2    94  1319  1415  1318  1417 0.88 -
GCA_015716085.1_JADRMA010000003.1_356816_357671_comp    -            284 Peptidase_M23        PF01551.25    96   2.3e-19   72.0   1.3   1   1   8.6e-22   4.5e-19   71.1   1.3     7    91   157   254   151   258 0.86 -
GCA_001838525.1_KV837386.1_14468_18755_comp             -           1428 Peptidase_M23        PF01551.25    96   4.4e-19   71.1   0.5   1   1     2e-21   1.1e-18   69.8   0.5     2    92  1079  1169  1078  1177 0.89 -
GCA_015590585.1_DACMJE010000023.1_12467_18080_comp      -           1870 Peptidase_M23        PF01551.25    96   5.3e-19   70.8   2.1   1   1   1.6e-21   8.3e-19   70.2   0.4     2    96  1518  1618  1517  1618 0.90 -
GCA_004166665.1_QHIV01000003.1_227486_233099_revcomp    -           1870 Peptidase_M23        PF01551.25    96   5.4e-19   70.8   2.1   1   1   1.6e-21   8.3e-19   70.2   0.4     2    96  1518  1618  1517  1618 0.90 -
GCA_000541615.1_KI977550.1_185220_186075_revcomp        -            284 Peptidase_M23        PF01551.25    96   6.3e-19   70.6   0.8   1   1   2.7e-21   1.4e-18   69.5   0.8     7    91   157   254   151   258 0.86 -
GCA_000570655.1_KK040372.1_287685_288540_revcomp        -            284 Peptidase_M23        PF01551.25    96   6.4e-19   70.6   0.8   1   1   2.7e-21   1.4e-18   69.5   0.8     7    91   157   254   151   258 0.86 -
GCA_001045625.1_JSAJ01000016.1_856_1711_revcomp         -            284 Peptidase_M23        PF01551.25    96   7.2e-19   70.4   0.8   1   1   2.7e-21   1.4e-18   69.5   0.8     7    91   157   254   151   258 0.86 -
GCA_007678585.1_VEEV01000001.1_325324_327856_revcomp    -            843 Peptidase_M23        PF01551.25    96   2.3e-18   68.8   0.2   1   1   8.7e-21   4.6e-18   67.8   0.2     2    96   312   406   311   406 0.94 -
GCA_015634165.1_AAXKZS010000004.1_13014_17961_comp      -           1648 Peptidase_M23        PF01551.25    96   2.3e-18   68.8   0.0   1   1   1.2e-20   6.1e-18   67.4   0.0     2    96  1307  1402  1306  1402 0.92 -
GCA_001838525.1_KV837407.1_19880_22451_revcomp          -            856 Peptidase_M23        PF01551.25    96   3.3e-18   68.3   0.3   1   1   1.3e-20     7e-18   67.2   0.3     2    96   326   420   325   420 0.93 -
GCA_001068645.1_JWDI01000116.1_27702_33138_comp         -           1811 Peptidase_M23        PF01551.25    96   5.7e-18   67.5   2.4   1   1   1.2e-20   6.3e-18   67.4   0.2     3    95  1428  1524  1427  1525 0.89 -
GCA_003813255.1_RHFT01000015.1_13049_17519_revcomp      -           1489 Peptidase_M23        PF01551.25    96   6.1e-18   67.4   1.1   1   1   2.2e-20   1.1e-17   66.6   0.2     2    92  1119  1209  1118  1217 0.89 -
GCA_015541205.1_DACKMQ010000024.1_9764_14309_comp       -           1514 Peptidase_M23        PF01551.25    96   7.3e-18   67.2   1.3   1   1   2.2e-20   1.2e-17   66.5   0.2     2    92  1144  1234  1143  1242 0.89 -
GCA_007665525.1_VDNJ01000012.1_23954_28697_comp         -           1580 Peptidase_M23        PF01551.25    96   8.6e-18   66.9   2.9   1   1   2.4e-20   1.2e-17   66.4   0.7     2    96  1236  1328  1235  1328 0.96 -
GCA_001940385.1_LAWU01000010.1_26691_31158_revcomp      -           1488 Peptidase_M23        PF01551.25    96     1e-17   66.7   0.3   1   1     6e-20   3.2e-17   65.1   0.3     2    92  1130  1220  1129  1225 0.90 -
GCA_015638825.1_AAXLCX010000001.1_73677_79680_revcomp   -           2000 Peptidase_M23        PF01551.25    96   1.1e-17   66.6   0.3   1   1   8.6e-20   4.5e-17   64.6   0.3     2    92  1635  1725  1634  1730 0.90 -
GCA_004166665.1_QHIV01000004.1_251119_255562_revcomp    -           1480 Peptidase_M23        PF01551.25    96   1.1e-17   66.6   0.0   1   1   6.6e-20   3.5e-17   65.0   0.0     2    96  1119  1214  1118  1214 0.91 -
GCA_015634165.1_AAXKZS010000024.1_19410_23853_comp      -           1480 Peptidase_M23        PF01551.25    96   1.1e-17   66.6   0.0   1   1   6.6e-20   3.5e-17   65.0   0.0     2    96  1119  1214  1118  1214 0.91 -
GCA_015590585.1_DACMJE010000024.1_11852_16163_revcomp   -           1436 Peptidase_M23        PF01551.25    96   1.1e-17   66.6   0.0   1   1   6.4e-20   3.3e-17   65.1   0.0     2    96  1075  1170  1074  1170 0.91 -
GCA_001070555.1_JVUF01000461.1_74_1928_comp             -            617 Peptidase_M23        PF01551.25    96   4.2e-17   64.7   0.2   1   1   1.9e-19     1e-16   63.5   0.2     2    90   284   376   283   382 0.88 -
GCA_902722665.1_CACURK010000015.1_30863_38675_revcomp   -           2603 Peptidase_M23        PF01551.25    96     8e-17   63.8   1.3   1   1   8.9e-19   4.6e-16   61.4   1.3     2    88  1756  1849  1755  1860 0.85 -
GCA_900187005.1_LT906464.1_516025_521932_comp           -           1968 Peptidase_M23        PF01551.25    96     9e-17   63.7   0.0   1   1   6.8e-19   3.6e-16   61.8   0.0     2    96  1613  1708  1612  1708 0.93 -
GCA_003578835.1_QXUH01000035.1_6515_12686_revcomp       -           2056 Peptidase_M23        PF01551.25    96     1e-16   63.5   0.9   1   1   4.6e-19   2.4e-16   62.3   0.1     2    89  1710  1797  1709  1808 0.88 -
GCA_003687235.1_RDEG01000004.1_106738_111229_revcomp    -           1496 Peptidase_M23        PF01551.25    96   1.3e-16   63.2   0.2   1   1   6.5e-19   3.4e-16   61.8   0.2     2    90  1163  1255  1162  1261 0.88 -
GCA_001068505.1_JWFS01000126.1_17500_21991_comp         -           1496 Peptidase_M23        PF01551.25    96   1.3e-16   63.2   0.2   1   1   6.5e-19   3.4e-16   61.8   0.2     2    90  1163  1255  1162  1261 0.88 -
GCA_000313005.1_AMRE01000057.1_260_3110_revcomp         -            949 Peptidase_M23        PF01551.25    96   1.8e-16   62.7   0.0   1   1   1.9e-18     1e-15   60.3   0.0     2    96   583   678   582   678 0.93 -
GCA_007678585.1_VEEV01000001.1_319568_324482_revcomp    -           1637 Peptidase_M23        PF01551.25    96   2.2e-16   62.4   0.2   1   1   1.8e-18   9.3e-16   60.4   0.2     2    96  1276  1378  1275  1378 0.90 -
GCA_015583895.1_DACLYT010000008.1_38679_40149_revcomp   -            489 Peptidase_M23        PF01551.25    96   3.6e-16   61.8   1.4   1   1   3.8e-18     2e-15   59.4   0.3     2    91    48   142    47   148 0.89 -
GCA_015575795.1_DACLLK010000006.1_76022_80552_revcomp   -           1509 Peptidase_M23        PF01551.25    96   3.7e-16   61.7   0.1   1   1   3.5e-18   1.8e-15   59.5   0.0     2    96  1143  1238  1142  1238 0.93 -
GCA_000538115.1_KI973658.1_10340_14870_revcomp          -           1509 Peptidase_M23        PF01551.25    96   3.7e-16   61.7   0.1   1   1   3.5e-18   1.8e-15   59.5   0.0     2    96  1143  1238  1142  1238 0.93 -
GCA_015605545.1_DACMTP010000010.1_9983_14513_comp       -           1509 Peptidase_M23        PF01551.25    96   3.7e-16   61.7   0.1   1   1   3.5e-18   1.8e-15   59.5   0.0     2    96  1143  1238  1142  1238 0.93 -
GCA_009752365.1_WPUC01000010.1_47923_52453_comp         -           1509 Peptidase_M23        PF01551.25    96   3.8e-16   61.7   0.1   1   1   3.7e-18   1.9e-15   59.4   0.0     2    96  1143  1238  1142  1238 0.93 -
GCA_011027375.1_JAAJDF010000036.1_9796_14326_revcomp    -           1509 Peptidase_M23        PF01551.25    96   3.9e-16   61.6   0.1   1   1   3.7e-18   1.9e-15   59.4   0.0     2    96  1143  1238  1142  1238 0.93 -
GCA_903805035.1_CAIHRG010000001.1_20545_25075_revcomp   -           1509 Peptidase_M23        PF01551.25    96   3.9e-16   61.6   0.1   1   1   3.7e-18   1.9e-15   59.4   0.0     2    96  1143  1238  1142  1238 0.93 -
GCA_903989835.1_CAJEJY010000039.1_11158_15688_revcomp   -           1509 Peptidase_M23        PF01551.25    96     4e-16   61.6   0.1   1   1   3.5e-18   1.8e-15   59.5   0.0     2    96  1143  1238  1142  1238 0.93 -
GCA_013339185.1_JABMFF010000011.1_11199_15729_comp      -           1509 Peptidase_M23        PF01551.25    96   4.1e-16   61.6   0.7   1   1   3.5e-18   1.8e-15   59.5   0.0     2    96  1143  1238  1142  1238 0.93 -
GCA_001047795.1_CVRA01000004.1_74583_79113_revcomp      -           1509 Peptidase_M23        PF01551.25    96   4.2e-16   61.5   0.7   1   1   3.5e-18   1.8e-15   59.5   0.0     2    96  1143  1238  1142  1238 0.93 -
GCA_002000845.1_CP014441.1_771133_775663_revcomp        -           1509 Peptidase_M23        PF01551.25    96   4.2e-16   61.5   0.7   1   1   3.5e-18   1.8e-15   59.5   0.0     2    96  1143  1238  1142  1238 0.93 -
GCA_015716085.1_JADRMA010000007.1_12242_16772_comp      -           1509 Peptidase_M23        PF01551.25    96   4.2e-16   61.5   0.7   1   1   3.5e-18   1.8e-15   59.5   0.0     2    96  1143  1238  1142  1238 0.93 -
GCA_003237895.1_PZTK01000004.1_74663_79193_comp         -           1509 Peptidase_M23        PF01551.25    96   4.2e-16   61.5   0.7   1   1   3.5e-18   1.8e-15   59.5   0.0     2    96  1143  1238  1142  1238 0.93 -
GCA_903803695.1_CAIHMC010000003.1_355805_360335_comp    -           1509 Peptidase_M23        PF01551.25    96   4.2e-16   61.5   0.1   1   1   3.5e-18   1.8e-15   59.5   0.0     2    96  1143  1238  1142  1238 0.93 -
GCA_010364195.1_JAAFKS010000032.1_10503_15036_revcomp   -           1510 Peptidase_M23        PF01551.25    96   4.4e-16   61.5   0.0   1   1   3.5e-18   1.8e-15   59.5   0.0     2    96  1144  1239  1143  1239 0.93 -
GCA_001349735.1_CVKE01000002.1_308143_312673_comp       -           1509 Peptidase_M23        PF01551.25    96   4.6e-16   61.4   0.1   1   1   3.5e-18   1.8e-15   59.5   0.0     2    96  1143  1238  1142  1238 0.93 -
GCA_000538115.1_KI973632.1_31864_38197_comp             -           2110 Peptidase_M23        PF01551.25    96   4.6e-16   61.4   1.4   1   1   5.4e-18   2.9e-15   58.9   1.4     2    88  1263  1356  1262  1367 0.85 -
GCA_003420245.1_BDYC01000017.1_43248_47778_comp         -           1509 Peptidase_M23        PF01551.25    96   4.6e-16   61.4   0.3   1   1   3.5e-18   1.8e-15   59.5   0.0     2    96  1143  1238  1142  1238 0.93 -
GCA_002121895.1_NDNZ01000039.1_43332_47862_revcomp      -           1509 Peptidase_M23        PF01551.25    96   4.7e-16   61.4   0.0   1   1   3.5e-18   1.8e-15   59.5   0.0     2    96  1143  1238  1142  1238 0.93 -
GCA_903812785.1_CAIIVA010000005.1_69976_74506_comp      -           1509 Peptidase_M23        PF01551.25    96   4.7e-16   61.4   0.0   1   1   3.5e-18   1.8e-15   59.5   0.0     2    96  1143  1238  1142  1238 0.93 -
GCA_001019375.2_JXZU02000003.1_76575_81105_revcomp      -           1509 Peptidase_M23        PF01551.25    96   4.7e-16   61.4   0.0   1   1   3.5e-18   1.8e-15   59.5   0.0     2    96  1143  1238  1142  1238 0.93 -
GCA_000570655.1_KK040385.1_9842_14375_revcomp           -           1510 Peptidase_M23        PF01551.25    96   5.1e-16   61.2   0.0   1   1   3.5e-18   1.8e-15   59.5   0.0     2    96  1144  1239  1143  1239 0.93 -
GCA_015634165.1_AAXKZS010000004.1_25685_27146_comp      -            486 Peptidase_M23        PF01551.25    96     6e-16   61.0   1.3   1   1   3.7e-18     2e-15   59.4   0.3     2    91    48   142    47   148 0.89 -
GCA_015583895.1_DACLYT010000008.1_26785_31750_revcomp   -           1654 Peptidase_M23        PF01551.25    96   6.5e-16   60.9   0.4   1   1   3.3e-18   1.7e-15   59.5   0.4     2    96  1274  1367  1273  1367 0.93 -
GCA_006680085.1_VFBN01000080.1_550181_551435_comp       -            417 Peptidase_M23        PF01551.25    96   7.2e-16   60.8   0.1   1   1   3.5e-18   1.8e-15   59.5   0.1     2    94    48   145    47   147 0.90 -
GCA_002208805.2_CP022096.2_824589_825432_revcomp        -            280 Peptidase_M23        PF01551.25    96   1.4e-15   59.9   0.1   1   1   1.1e-17   5.6e-15   57.9   0.0    12    89   160   251   149   260 0.88 -
GCA_014635045.1_BMCF01000010.1_69871_70816_revcomp      -            314 Peptidase_M23        PF01551.25    96   1.5e-15   59.8   0.2   1   1   8.7e-18   4.5e-15   58.2   0.2    11    91   164   258   160   265 0.87 -
GCA_001940385.1_LAWU01000010.1_37241_38702_revcomp      -            486 Peptidase_M23        PF01551.25    96   2.5e-15   59.0   0.5   1   1   5.1e-17   2.7e-14   55.7   0.1     2    93    48   144    47   147 0.88 -
GCA_003578835.1_QXUH01000035.1_21202_22732_revcomp      -            509 Peptidase_M23        PF01551.25    96     3e-15   58.8   0.4   1   1   1.6e-17   8.3e-15   57.4   0.1     2    95    69   167    68   168 0.89 -
GCA_002994385.1_MRZH01000002.1_89592_91065_comp         -            490 Peptidase_M23        PF01551.25    96     3e-15   58.8   0.1   1   1   5.7e-18     3e-15   58.8   0.1     2    95    48   146    47   147 0.89 -
GCA_003578835.1_QXUH01000115.1_1738_3202_revcomp        -            487 Peptidase_M23        PF01551.25    96   5.1e-15   58.0   0.1   1   1   2.6e-17   1.3e-14   56.7   0.1     2    95    48   146    47   147 0.90 -
GCA_015638825.1_AAXLCX010000001.1_86149_87631_revcomp   -            493 Peptidase_M23        PF01551.25    96   5.4e-15   58.0   0.0   1   1   2.4e-17   1.3e-14   56.8   0.0     2    93    48   144    47   147 0.90 -
GCA_007665525.1_VDNJ01000001.1_252008_253025_revcomp    -            338 Peptidase_M23        PF01551.25    96   5.7e-15   57.9   0.9   1   1   4.4e-17   2.3e-14   56.0   0.2    10    91   187   282   183   288 0.86 -
GCA_015634165.1_AAXKZS010000024.1_31262_32723_comp      -            486 Peptidase_M23        PF01551.25    96   9.9e-15   57.1   0.5   1   1   1.6e-16   8.4e-14   54.1   0.1     2    91    48   142    47   149 0.87 -
GCA_004166665.1_QHIV01000004.1_262566_264027_revcomp    -            486 Peptidase_M23        PF01551.25    96   1.3e-14   56.7   0.5   1   1   1.4e-16   7.4e-14   54.3   0.1     2    91    48   142    47   149 0.87 -
GCA_015590585.1_DACMJE010000024.1_23394_24855_revcomp   -            486 Peptidase_M23        PF01551.25    96   1.6e-14   56.4   0.6   1   1   3.4e-16   1.8e-13   53.1   0.1     2    91    48   142    47   148 0.86 -
GCA_003578835.1_QXUH01000003.1_50982_51945_comp         -            320 Peptidase_M23        PF01551.25    96   1.7e-14   56.3   2.0   1   1   5.7e-17     3e-14   55.6   0.2    14    91   173   264   152   270 0.85 -
GCA_003041795.1_PZGI01000037.1_13961_19076_revcomp      -           1704 Peptidase_M23        PF01551.25    96     8e-14   54.2   0.1   1   1   5.3e-16   2.8e-13   52.5   0.1     2    92  1321  1408  1320  1419 0.85 -
GCA_001230465.1_CTZB01000039.1_31673_34727_revcomp      -           1017 Peptidase_M23        PF01551.25    96   1.2e-13   53.6   0.0   1   1   5.6e-16   2.9e-13   52.4   0.0     3    89   445   543   443   550 0.85 -
GCA_015610325.1_DACNAH010000070.1_13_1042_comp          -            342 Peptidase_M23        PF01551.25    96   1.8e-13   53.1   0.0   1   1   8.7e-16   4.6e-13   51.8   0.0    31    96     6    72     3    72 0.94 -
GCA_003578835.1_QXUH01000046.1_12301_16417_comp         -           1371 Peptidase_M23        PF01551.25    96   2.1e-13   52.9   1.0   1   1   1.2e-15   6.2e-13   51.4   0.2     2    90  1033  1125  1032  1131 0.83 -
GCA_007678585.1_VEEV01000002.1_145709_146552_revcomp    -            280 Peptidase_M23        PF01551.25    96   1.9e-11   46.6   0.1   1   1   1.6e-13   8.3e-11   44.6   0.0    13    89   161   251   149   260 0.87 -
GCA_001838525.1_KV837390.1_29460_33117_revcomp          -           1218 Peptidase_M23        PF01551.25    96   9.4e-05   25.1   0.4   1   1   8.7e-06    0.0046   19.7   0.1    10    70   974  1035   969  1052 0.88 -
GCA_002994385.1_MRZH01000007.1_29461_33118_revcomp      -           1218 Peptidase_M23        PF01551.25    96   9.7e-05   25.1   0.5   1   1   8.7e-06    0.0046   19.7   0.1    10    70   974  1035   969  1052 0.88 -
GCA_007676625.1_VEKD01000001.1_28668_32310_comp         -           1213 Peptidase_M23        PF01551.25    96   0.00021   24.0   0.4   1   1   1.7e-05    0.0089   18.8   0.1    10    69   974  1034   969  1047 0.88 -
GCA_002208805.2_CP022096.2_2032263_2035905_comp         -           1213 Peptidase_M23        PF01551.25    96   0.00021   24.0   0.4   1   1   1.7e-05    0.0089   18.8   0.1    10    69   974  1034   969  1047 0.88 -
GCA_001073525.1_JVAP01000369.1_9338_13532_revcomp       -           1397 Peptidase_M23        PF01551.25    96   0.00021   24.0   0.1   1   1    0.0016      0.84   12.5   0.0    11    70  1146  1207  1139  1213 0.82 -
GCA_001068645.1_JWDI01000496.1_27731_31370_comp         -           1212 Peptidase_M23        PF01551.25    96   0.00026   23.7   1.1   1   1     5e-05     0.026   17.3   0.0    10    69   974  1034   969  1046 0.88 -
GCA_001073525.1_JVAP01000305.1_12227_12845_revcomp      -            205 Peptidase_M23        PF01551.25    96   0.00036   23.3   0.0   1   1   1.5e-06   0.00079   22.2   0.0     2    30   170   198   169   203 0.92 -
GCA_008385785.1_VUKJ01000031.1_27739_31378_comp         -           1212 Peptidase_M23        PF01551.25    96   0.00053   22.7   1.4   1   1   7.7e-05      0.04   16.7   0.1    10    69   974  1034   969  1046 0.87 -
GCA_001073525.1_JVAP01000307.1_16033_17353_comp         -            439 Peptidase_M23        PF01551.25    96    0.0011   21.8   6.2   1   2    0.0015      0.78   12.6   0.3    50    77    75   102    55   120 0.82 -
GCA_001073525.1_JVAP01000307.1_16033_17353_comp         -            439 Peptidase_M23        PF01551.25    96    0.0011   21.8   6.2   2   2    0.0029       1.5   11.6   0.3    14    69   189   248   178   266 0.80 -
GCA_003580835.1_QYJM01000013.1_24197_27836_revcomp      -           1212 Peptidase_M23        PF01551.25    96    0.0013   21.5   1.3   1   1   0.00021      0.11   15.3   0.0    10    69   974  1034   969  1046 0.87 -
GCA_001068645.1_JWDI01000120.1_4017_5160_comp           -            380 Peptidase_M23        PF01551.25    96    0.0014   21.3   1.3   1   1    0.0036       1.9   11.4   0.1    14    59   193   236   181   250 0.84 -
GCA_001230465.1_CTZB01000122.1_13179_14328_comp         -            382 Peptidase_M23        PF01551.25    96    0.0016   21.2   0.7   1   1    0.0015      0.76   12.6   0.0    34    73    49    88    28   101 0.78 -
GCA_900187005.1_LT906464.1_224827_228445_comp           -           1205 Peptidase_M23        PF01551.25    96    0.0021   20.8   0.8   1   1   0.00013     0.069   16.0   0.1    10    69   968  1028   963  1040 0.83 -
GCA_007665525.1_VDNJ01000005.1_27474_31116_revcomp      -           1213 Peptidase_M23        PF01551.25    96    0.0027   20.5   2.1   1   1   6.8e-05     0.035   16.9   0.1    10    70   974  1035   969  1053 0.88 -
GCA_001075685.1_JUNR01000172.1_24204_27846_comp         -           1213 Peptidase_M23        PF01551.25    96    0.0031   20.3   0.3   1   1    0.0003      0.16   14.8   0.1    10    70   974  1035   969  1052 0.87 -
GCA_001068505.1_JWFS01000077.1_24241_27883_revcomp      -           1213 Peptidase_M23        PF01551.25    96    0.0031   20.3   0.3   1   1    0.0003      0.16   14.8   0.1    10    70   974  1035   969  1052 0.87 -
GCA_006680085.1_VFBN01000076.1_193906_194326_comp       -            139 Peptidase_M23        PF01551.25    96    0.0048   19.7   0.6   1   1    0.0005      0.26   14.1   0.1    52    75    81   104    41   109 0.85 -
GCA_014635045.1_BMCF01000005.1_27587_31226_revcomp      -           1212 Peptidase_M23        PF01551.25    96    0.0051   19.6   1.2   1   1   0.00026      0.13   15.0   0.1    10    69   974  1034   969  1047 0.87 -
GCA_003578835.1_QXUH01000009.1_24446_28088_comp         -           1213 Peptidase_M23        PF01551.25    96     0.007   19.2   2.2   1   1   0.00015     0.077   15.8   0.1    10    70   974  1035   969  1053 0.88 -
GCA_900125005.1_FQEJ01000003.1_50900_51281_revcomp      -            126 Peptidase_M23        PF01551.25    96    0.0081   18.9   0.3   1   1   3.4e-05     0.018   17.8   0.2     4    69     4    76     2    88 0.69 -
GCA_903989835.1_CAJEJY010000086.1_8_419_revcomp         -            136 SH3_5                PF08460.13    68   1.2e-27   98.3   2.4   1   1   1.2e-30   1.8e-27   97.8   0.8     1    68    50   115    50   115 0.99 -
GCA_011027375.1_JAAJDF010000018.1_24355_25828_comp      -            490 SH3_5                PF08460.13    68   1.8e-26   94.6   1.0   1   1   2.9e-29   4.3e-26   93.4   0.6     1    68   404   469   404   469 0.99 -
GCA_000557105.1_KK014896.1_520_1966_comp                -            481 SH3_5                PF08460.13    68   1.8e-26   94.6   0.8   1   1   1.2e-29   1.8e-26   94.6   0.8     1    68   395   460   395   460 0.99 -
GCA_000538115.1_KI973629.1_27646_29119_comp             -            490 SH3_5                PF08460.13    68   1.8e-26   94.6   1.0   1   1   2.9e-29   4.3e-26   93.4   0.6     1    68   404   469   404   469 0.99 -
GCA_000594685.1_JFSD01000014.1_25884_27357_revcomp      -            490 SH3_5                PF08460.13    68   1.9e-26   94.5   0.8   1   1   1.3e-29   1.9e-26   94.5   0.8     1    68   404   469   404   469 0.99 -
GCA_010364195.1_JAAFKS010000019.1_26079_27552_revcomp   -            490 SH3_5                PF08460.13    68   1.9e-26   94.5   0.8   1   1   1.3e-29   1.9e-26   94.5   0.8     1    68   404   469   404   469 0.99 -
GCA_013339185.1_JABMFF010000015.1_26949_28422_revcomp   -            490 SH3_5                PF08460.13    68   1.9e-26   94.5   0.8   1   1   1.3e-29   1.9e-26   94.5   0.8     1    68   404   469   404   469 0.99 -
GCA_015716085.1_JADRMA010000013.1_27582_29055_comp      -            490 SH3_5                PF08460.13    68   1.9e-26   94.5   0.8   1   1   1.3e-29   1.9e-26   94.5   0.8     1    68   404   469   404   469 0.99 -
GCA_001230465.1_CTZB01000066.1_21327_22800_comp         -            490 SH3_5                PF08460.13    68   1.9e-26   94.5   0.8   1   1   1.3e-29   1.9e-26   94.5   0.8     1    68   404   469   404   469 0.99 -
GCA_007678585.1_VEEV01000001.1_334540_335833_revcomp    -            430 SH3_5                PF08460.13    68   2.5e-26   94.1   2.7   1   1   5.6e-29   8.3e-26   92.5   0.7     1    68   344   409   344   409 0.99 -
GCA_002000845.1_CP014441.1_954271_955717_comp           -            481 SH3_5                PF08460.13    68   3.6e-26   93.6   0.7   1   1   2.4e-29   3.6e-26   93.6   0.7     1    68   395   460   395   460 0.99 -
GCA_002121895.1_NDNZ01000027.1_25408_26854_comp         -            481 SH3_5                PF08460.13    68   4.2e-26   93.4   0.6   1   1   2.8e-29   4.2e-26   93.4   0.6     1    68   395   460   395   460 0.99 -
GCA_000561525.1_KK025770.1_25320_26793_revcomp          -            490 SH3_5                PF08460.13    68   4.2e-26   93.4   0.6   1   1   2.9e-29   4.2e-26   93.4   0.6     1    68   404   469   404   469 0.99 -
GCA_015541205.1_DACKMQ010000006.1_24562_26035_revcomp   -            490 SH3_5                PF08460.13    68   4.2e-26   93.4   0.6   1   1   2.9e-29   4.2e-26   93.4   0.6     1    68   404   469   404   469 0.99 -
GCA_001047795.1_CVRA01000004.1_196626_198099_revcomp    -            490 SH3_5                PF08460.13    68   4.3e-26   93.4   0.6   1   1   2.9e-29   4.3e-26   93.4   0.6     1    68   404   469   404   469 0.99 -
GCA_015577655.1_DACLQB010000012.1_27907_29380_comp      -            490 SH3_5                PF08460.13    68   5.9e-26   92.9   0.5   1   1     4e-29   5.9e-26   92.9   0.5     1    68   404   469   404   469 0.99 -
GCA_015610325.1_DACNAH010000031.1_25602_27075_revcomp   -            490 SH3_5                PF08460.13    68   5.9e-26   92.9   0.5   1   1     4e-29   5.9e-26   92.9   0.5     1    68   404   469   404   469 0.99 -
GCA_000363645.1_KB822271.1_520_1966_comp                -            481 SH3_5                PF08460.13    68     3e-25   90.7   0.7   1   1     2e-28     3e-25   90.7   0.7     1    68   395   460   395   460 0.99 -
GCA_015618265.1_DACNMT010000002.1_197590_199051_revcomp -            486 SH3_5                PF08460.13    68   4.4e-25   90.1   0.8   1   1     3e-28   4.4e-25   90.1   0.8     1    68   400   465   400   465 0.99 -
GCA_002208805.2_CP022096.2_2335872_2337165_comp         -            430 SH3_5                PF08460.13    68   1.3e-22   82.2   3.2   1   1   2.4e-25   3.6e-22   80.8   1.0     1    68   344   409   344   409 0.99 -
GCA_003076375.1_CP016158.1_25342_26518_comp             -            391 SH3_5                PF08460.13    68   3.6e-21   77.6   0.1   1   1   6.6e-24   9.8e-21   76.2   0.1     2    68   309   373   308   373 0.96 -
GCA_003387875.1_QKYG01000063.1_46806_48213_comp         -            468 SH3_5                PF08460.13    68   4.3e-21   77.4   0.1   1   1   6.9e-24     1e-20   76.2   0.1     2    68   386   450   385   450 0.96 -
GCA_900187005.1_LT906464.1_1673224_1674628_revcomp      -            467 SH3_5                PF08460.13    68   6.8e-21   76.7   0.1   1   1   9.4e-24   1.4e-20   75.7   0.1     2    68   385   449   384   449 0.96 -
GCA_002208805.2_CP022096.2_951310_952684_revcomp        -            457 SH3_5                PF08460.13    68   1.4e-19   72.5   0.0   1   1   2.7e-22   3.9e-19   71.1   0.0     2    68   376   439   375   439 0.94 -
GCA_007678585.1_VEEV01000002.1_267627_269001_revcomp    -            457 SH3_5                PF08460.13    68   1.6e-19   72.3   0.0   1   1   2.7e-22   3.9e-19   71.1   0.0     2    68   376   439   375   439 0.94 -
GCA_007676625.1_VEKD01000002.1_405259_406675_comp       -            471 SH3_5                PF08460.13    68   1.8e-19   72.2   0.5   1   1   2.8e-22   4.1e-19   71.0   0.0     2    68   390   453   389   453 0.94 -
GCA_003578835.1_QXUH01000035.1_21202_22732_revcomp      -            509 SH3_5                PF08460.13    68   3.2e-19   71.4   0.3   1   1   1.1e-21   1.7e-18   69.1   0.1     1    68   421   488   421   488 0.94 -
GCA_006680085.1_VFBN01000080.1_481183_481612_comp       -            142 SH3_5                PF08460.13    68     4e-19   71.1   0.2   1   1   4.3e-22   6.4e-19   70.4   0.2     3    68    58   121    56   121 0.95 -
GCA_015634165.1_AAXKZS010000024.1_31262_32723_comp      -            486 SH3_5                PF08460.13    68   4.2e-19   71.0   1.1   1   1   1.4e-21     2e-18   68.8   1.1     1    68   401   468   401   468 0.98 -
GCA_001068645.1_JWDI01000116.1_40374_41865_comp         -            496 SH3_5                PF08460.13    68   4.7e-19   70.8   0.5   1   1   7.9e-22   1.2e-18   69.6   0.5     2    68   414   478   413   478 0.96 -
GCA_003041795.1_PZGI01000008.1_512_1445_revcomp         -            310 SH3_5                PF08460.13    68   5.1e-19   70.7   0.8   1   1   1.1e-21   1.6e-18   69.1   0.8     1    68   227   292   227   292 0.97 -
GCA_015638825.1_AAXLCX010000023.1_4053_4929_revcomp     -            291 SH3_5                PF08460.13    68   6.1e-19   70.5   2.2   1   1   8.7e-22   1.3e-18   69.4   0.3     2    68   209   273   208   273 0.96 -
GCA_002994385.1_MRZH01000011.1_30226_31309_revcomp      -            360 SH3_5                PF08460.13    68   6.7e-19   70.3   0.8   1   1   1.4e-21   2.1e-18   68.8   0.8     1    68   277   342   277   342 0.97 -
GCA_003076375.1_CP016157.1_923086_924169_comp           -            360 SH3_5                PF08460.13    68   6.7e-19   70.3   0.8   1   1   1.4e-21   2.1e-18   68.8   0.8     1    68   277   342   277   342 0.97 -
GCA_001838525.1_KV837425.1_68690_69923_revcomp          -            410 SH3_5                PF08460.13    68     8e-19   70.1   0.8   1   1   1.7e-21   2.5e-18   68.5   0.8     1    68   327   392   327   392 0.97 -
GCA_007665525.1_VDNJ01000012.1_37864_39340_comp         -            491 SH3_5                PF08460.13    68   1.1e-18   69.7   1.0   1   1   7.1e-22   1.1e-18   69.7   1.0     1    68   404   469   404   469 0.94 -
GCA_001940385.1_LAWU01000010.1_37241_38702_revcomp      -            486 SH3_5                PF08460.13    68   1.6e-18   69.1   3.0   1   1   1.5e-21   2.2e-18   68.7   1.0     1    68   401   468   401   468 0.98 -
GCA_004166665.1_QHIV01000004.1_262566_264027_revcomp    -            486 SH3_5                PF08460.13    68     2e-18   68.8   1.1   1   1   1.4e-21     2e-18   68.8   1.1     1    68   401   468   401   468 0.98 -
GCA_015590585.1_DACMJE010000024.1_23394_24855_revcomp   -            486 SH3_5                PF08460.13    68     2e-18   68.8   1.1   1   1   1.4e-21     2e-18   68.8   1.1     1    68   401   468   401   468 0.98 -
GCA_006680085.1_VFBN01000080.1_281722_283102_comp       -            459 SH3_5                PF08460.13    68   5.1e-18   67.5   1.0   1   1   3.5e-21   5.1e-18   67.5   1.0     4    68   377   441   375   441 0.98 -
GCA_900187005.1_LT906464.1_528366_529215_comp           -            282 SH3_5                PF08460.13    68   5.9e-18   67.3   0.7   1   1   7.4e-21   1.1e-17   66.5   0.1     6    68   203   264   199   264 0.96 -
GCA_003387875.1_QKYG01000196.1_865_2254_revcomp         -            462 SH3_5                PF08460.13    68   7.1e-18   67.1   0.9   1   1   1.4e-20   2.1e-17   65.5   0.9     4    68   381   445   379   445 0.98 -
GCA_015634165.1_AAXKZS010000004.1_25685_27146_comp      -            486 SH3_5                PF08460.13    68   9.7e-18   66.6   3.7   1   1   1.2e-20   1.8e-17   65.8   0.7     1    68   401   468   401   468 0.98 -
GCA_003578835.1_QXUH01000115.1_1738_3202_revcomp        -            487 SH3_5                PF08460.13    68     1e-17   66.5   0.1   1   1   3.5e-20   5.2e-17   64.3   0.1     1    68   399   466   399   466 0.92 -
GCA_014635045.1_BMCF01000004.1_90224_91670_revcomp      -            481 SH3_5                PF08460.13    68   1.5e-17   66.0   0.8   1   1   2.4e-20   3.6e-17   64.8   0.0     1    68   395   460   395   460 0.95 -
GCA_003578835.1_QXUH01000218.1_36_1113_comp             -            358 SH3_5                PF08460.13    68     4e-17   64.7   0.1   1   1   6.2e-20   9.2e-17   63.5   0.1     1    68   270   337   270   337 0.92 -
GCA_007676625.1_VEKD01000007.1_29331_30099_revcomp      -            255 SH3_5                PF08460.13    68     6e-17   64.1   0.6   1   1   9.5e-20   1.4e-16   62.9   0.2     2    68   174   237   173   237 0.94 -
GCA_002208805.2_CP022096.2_934366_935707_comp           -            446 SH3_5                PF08460.13    68   1.6e-16   62.7   0.6   1   1   2.4e-19   3.5e-16   61.6   0.2     2    68   365   428   364   428 0.94 -
GCA_015609545.1_AAXJUB010000031.1_2057_3395_comp        -            445 SH3_5                PF08460.13    68     3e-16   61.8  15.7   1   2   2.6e-09   3.9e-06   29.4   4.3     2    67   245   308   244   309 0.93 -
GCA_015609545.1_AAXJUB010000031.1_2057_3395_comp        -            445 SH3_5                PF08460.13    68     3e-16   61.8  15.7   2   2   7.3e-12   1.1e-08   37.6   3.6     5    68   364   425   361   425 0.96 -
GCA_015583895.1_DACLYT010000008.1_38679_40149_revcomp   -            489 SH3_5                PF08460.13    68   1.1e-15   60.1   1.3   1   1   4.4e-18   6.5e-15   57.6   0.1     3    68   403   468   401   468 0.93 -
GCA_003041795.1_PZGI01000054.1_44_881_revcomp           -            278 SH3_5                PF08460.13    68     2e-13   52.8   0.0   1   1   3.7e-16   5.5e-13   51.4   0.0     3    68   192   257   190   257 0.92 -
GCA_002994385.1_MRZH01000002.1_89592_91065_comp         -            490 SH3_5                PF08460.13    68   5.5e-13   51.4   1.5   1   1     1e-15   1.5e-12   50.0   0.0     3    68   404   469   402   469 0.92 -
GCA_003041795.1_PZGI01000090.1_44_881_revcomp           -            278 SH3_5                PF08460.13    68   2.1e-12   49.5   0.0   1   1   4.6e-15   6.9e-12   47.9   0.0     3    68   192   257   190   257 0.92 -
GCA_000276045.1_AKHH01000027.1_81282_82746_revcomp      -            487 SH3_5                PF08460.13    68   3.7e-08   35.9   3.6   1   1   6.8e-11     1e-07   34.5   3.6     2    67   403   467   402   468 0.90 -
GCA_015610325.1_DACNAH010000083.1_1218_1686_revcomp     -            155 SH3_5                PF08460.13    68     5e-08   35.5   5.1   1   1   3.6e-10   5.3e-07   32.2   2.4    25    67    93   135    71   136 0.84 -
GCA_015575795.1_DACLLK010000006.1_89380_89848_revcomp   -            155 SH3_5                PF08460.13    68     5e-08   35.5   5.1   1   1   3.6e-10   5.3e-07   32.2   2.4    25    67    93   135    71   136 0.84 -
GCA_001047795.1_CVRA01000002.1_240113_241568_revcomp    -            484 SH3_5                PF08460.13    68   5.6e-08   35.3   3.4   1   1   1.1e-10   1.6e-07   33.9   3.4     2    67   400   464   399   465 0.91 -
GCA_903805035.1_CAIHRG010000004.1_63533_64988_revcomp   -            484 SH3_5                PF08460.13    68   6.6e-08   35.1   3.4   1   1   1.1e-10   1.6e-07   33.9   3.4     2    67   400   464   399   465 0.91 -
GCA_000530215.1_CAVH010000066.1_29012_30467_comp        -            484 SH3_5                PF08460.13    68   6.7e-08   35.1   3.4   1   1   1.1e-10   1.6e-07   33.9   3.4     2    67   400   464   399   465 0.91 -
GCA_002121895.1_NDNZ01000026.1_42904_44359_revcomp      -            484 SH3_5                PF08460.13    68   6.8e-08   35.1   3.4   1   1   1.1e-10   1.6e-07   33.9   3.4     2    67   400   464   399   465 0.91 -
GCA_009660805.1_WJTZ01000004.1_130990_132445_revcomp    -            484 SH3_5                PF08460.13    68   7.3e-08   35.0   3.4   1   1   1.1e-10   1.6e-07   33.9   3.4     2    67   400   464   399   465 0.91 -
GCA_903805035.1_CAIHRG010000013.1_93_1311_revcomp       -            405 SH3_5                PF08460.13    68   1.3e-07   34.2   2.4   1   1     2e-10     3e-07   33.0   2.4     2    67   321   385   320   386 0.90 -
GCA_900125005.1_FQEJ01000010.1_105_1323_comp            -            405 SH3_5                PF08460.13    68   1.4e-07   34.1   2.8   1   1   2.3e-10   3.4e-07   32.9   2.8     2    67   321   385   320   386 0.90 -
GCA_000541615.1_KI977556.1_46634_48089_revcomp          -            484 SH3_5                PF08460.13    68   1.6e-07   33.9   3.3   1   1   2.5e-10   3.7e-07   32.7   3.3     2    67   400   464   399   465 0.90 -
GCA_000557105.1_KK014908.1_28352_29807_comp             -            484 SH3_5                PF08460.13    68   1.6e-07   33.8   2.4   1   1   2.6e-10   3.8e-07   32.7   2.4     2    67   400   464   399   465 0.90 -
GCA_900097755.1_FMOF01000002.1_209605_211060_comp       -            484 SH3_5                PF08460.13    68   1.6e-07   33.8   2.4   1   1   2.6e-10   3.8e-07   32.7   2.4     2    67   400   464   399   465 0.90 -
GCA_011292525.1_JAANUA010000001.1_67754_69209_revcomp   -            484 SH3_5                PF08460.13    68   1.8e-07   33.7   2.5   1   1   3.4e-10   5.1e-07   32.3   2.5     2    67   400   464   399   465 0.89 -
GCA_000538235.1_KI973789.1_26115_26580_revcomp          -            154 SH3_5                PF08460.13    68   2.6e-07   33.2   4.4   1   1   2.2e-10   3.2e-07   32.9   3.0     3    67    71   134    69   135 0.84 -
GCA_000538235.1_KI973776.1_39249_40704_revcomp          -            484 SH3_5                PF08460.13    68     1e-06   31.3   3.6   1   1   1.6e-09   2.4e-06   30.1   3.6     3    67   401   464   399   465 0.83 -
GCA_900125005.1_FQEJ01000022.1_105_1323_comp            -            405 SH3_5                PF08460.13    68   1.1e-06   31.3   3.2   1   1   1.5e-09   2.2e-06   30.2   3.2     3    67   322   385   320   386 0.83 -
GCA_000313005.1_AMRE01000034.1_28079_29534_revcomp      -            484 SH3_5                PF08460.13    68   1.1e-06   31.2   3.6   1   1   1.6e-09   2.4e-06   30.1   3.6     3    67   401   464   399   465 0.83 -
GCA_015605545.1_DACMTP010000012.1_29708_31163_comp      -            484 SH3_5                PF08460.13    68   1.1e-06   31.2   3.6   1   1   1.6e-09   2.4e-06   30.1   3.6     3    67   401   464   399   465 0.83 -
GCA_015619425.1_DACNQI010000001.1_366764_368219_comp    -            484 SH3_5                PF08460.13    68   1.2e-06   31.1   3.2   1   1   1.9e-09   2.9e-06   29.9   3.2     3    67   401   464   399   465 0.83 -
GCA_014835825.1_VUIC01000027.1_370153_371608_comp       -            484 SH3_5                PF08460.13    68   1.3e-06   31.0   3.2   1   1   1.9e-09   2.9e-06   29.9   3.2     3    67   401   464   399   465 0.83 -
GCA_003387875.1_QKYG01000196.1_2467_3403_revcomp        -            311 SH3_5                PF08460.13    68   1.4e-06   30.8   0.9   1   1   3.2e-09   4.7e-06   29.2   0.9     6    67   132   193   127   194 0.86 -
GCA_014266335.1_JACMVW010000018.1_42824_44228_comp      -            467 SH3_5                PF08460.13    68   0.00036   23.1   0.9   1   1   6.8e-07     0.001   21.7   0.9     8    57   381   430   374   434 0.71 -
GCA_000570655.1_KK040407.1_326_1748_revcomp             -            473 SH3_5                PF08460.13    68    0.0014   21.2   1.4   1   1   2.4e-06    0.0035   20.0   1.4     6    57   382   436   378   442 0.82 -
GCA_003813255.1_RHFT01000003.1_26482_27904_comp         -            473 SH3_5                PF08460.13    68    0.0024   20.5   1.4   1   1   3.9e-06    0.0058   19.3   1.4     6    57   382   436   378   442 0.79 -
#
# Program:         hmmsearch
# Version:         3.1b2 (February 2015)
# Pipeline mode:   SEARCH
# Query file:      domains.hmm
# Target file:     output_nonredundant.faa
# Option settings: hmmsearch -o /dev/null --domtblout hmmer_results.out -E 0.01 --domE 0.01 --incE 0.001 --incdomE 0.001 domains.hmm output_nonredundant.faa 
# Current dir:     /scratch/home-users/idzik/work/08/e5a91bc6e79f167e8ea7f8934ce7dc
# Date:            Thu Nov  9 21:30:25 2023
# [ok]
